#
# There is insufficient memory for the Java Runtime Environment to continue.
# Native memory allocation (mmap) failed to map 65536 bytes for Failed to commit metaspace.
# Possible reasons:
#   The system is out of physical RAM or swap space
#   The process is running with CompressedOops enabled, and the Java Heap may be blocking the growth of the native heap
# Possible solutions:
#   Reduce memory load on the system
#   Increase physical memory or swap space
#   Check if swap backing store is full
#   Decrease Java heap size (-Xmx/-Xms)
#   Decrease number of Java threads
#   Decrease Java thread stack sizes (-Xss)
#   Set larger code cache with -XX:ReservedCodeCacheSize=
#   JVM is running with Unscaled Compressed Oops mode in which the Java heap is
#     placed in the first 4GB address space. The Java Heap base address is the
#     maximum limit for the native heap growth. Please use -XX:HeapBaseMinAddress
#     to set the Java Heap base and to place the Java Heap above 4GB virtual address.
# This output file may be truncated or incomplete.
#
#  Out of Memory Error (virtualSpaceNode.cpp:108), pid=13492, tid=12672
#
# JRE version: OpenJDK Runtime Environment (16.0.2+7) (build 16.0.2+7-67)
# Java VM: OpenJDK 64-Bit Server VM (16.0.2+7-67, mixed mode, tiered, compressed oops, compressed class ptrs, g1 gc, windows-amd64)
# No core dump will be written. Minidumps are not enabled by default on client versions of Windows
#

---------------  S U M M A R Y ------------

Command Line: -Dfile.encoding=Cp1252 -XX:+ShowCodeDetailsInExceptionMessages Delivery

Host: AMD A4-4000 APU with Radeon(tm) HD Graphics    , 2 cores, 3G,  Windows 7 , 64 bit Build 7601 (6.1.7601.24545)
Time: Mon Sep 27 12:37:41 2021 Hora estándar de Argentina elapsed time: 1.052123 seconds (0d 0h 0m 1s)

---------------  T H R E A D  ---------------

Current thread (0x00000000004190e0):  JavaThread "main" [_thread_in_vm, id=12672, stack(0x00000000021f0000,0x00000000022f0000)]

Stack: [0x00000000021f0000,0x00000000022f0000]
Native frames: (J=compiled Java code, j=interpreted, Vv=VM code, C=native code)
V  [jvm.dll+0x6681ca]
V  [jvm.dll+0x7c9e69]
V  [jvm.dll+0x7cb61e]
V  [jvm.dll+0x7cbc73]
V  [jvm.dll+0x242c55]
V  [jvm.dll+0x7c64eb]
V  [jvm.dll+0x60ddd6]
V  [jvm.dll+0x1be6ce]
V  [jvm.dll+0x610531]
V  [jvm.dll+0x60e6d1]
V  [jvm.dll+0x23709f]
V  [jvm.dll+0x618d55]
V  [jvm.dll+0x1e97ef]
V  [jvm.dll+0x1e9d25]
V  [jvm.dll+0x1ea8af]
V  [jvm.dll+0x1df631]
V  [jvm.dll+0x535ff8]
V  [jvm.dll+0x1f0d52]
V  [jvm.dll+0x741863]
V  [jvm.dll+0x743108]
V  [jvm.dll+0x74396d]
V  [jvm.dll+0x1eaee7]
V  [jvm.dll+0x1df64a]
V  [jvm.dll+0x535ff8]
V  [jvm.dll+0x1f0d52]
V  [jvm.dll+0x741863]
V  [jvm.dll+0x743108]
V  [jvm.dll+0x743433]
V  [jvm.dll+0x23ab24]
V  [jvm.dll+0x375531]
C  0x0000000005a7c1aa

Java frames: (J=compiled Java code, j=interpreted, Vv=VM code)
j  javax.swing.text.JTextComponent.<clinit>()V+10 java.desktop@16.0.2
v  ~StubRoutines::call_stub
j  Delivery.<init>()V+128
j  Delivery.main([Ljava/lang/String;)V+4
v  ~StubRoutines::call_stub

---------------  P R O C E S S  ---------------

Threads class SMR info:
_java_thread_list=0x000000001d08b6e0, length=16, elements={
0x00000000004190e0, 0x00000000199467a0, 0x0000000019947370, 0x000000001994c680,
0x000000001994ef90, 0x000000001994f8a0, 0x0000000019a19850, 0x0000000019a1a490,
0x0000000019a312c0, 0x0000000019a98b10, 0x000000001b52f3d0, 0x000000001b53bd80,
0x000000001b7fb850, 0x000000001b7fbd70, 0x000000001b83d910, 0x000000001d0da350
}

Java Threads: ( => current thread )
=>0x00000000004190e0 JavaThread "main" [_thread_in_vm, id=12672, stack(0x00000000021f0000,0x00000000022f0000)]
  0x00000000199467a0 JavaThread "Reference Handler" daemon [_thread_blocked, id=10844, stack(0x000000001a430000,0x000000001a530000)]
  0x0000000019947370 JavaThread "Finalizer" daemon [_thread_blocked, id=12456, stack(0x000000001a820000,0x000000001a920000)]
  0x000000001994c680 JavaThread "Signal Dispatcher" daemon [_thread_blocked, id=13640, stack(0x000000001a9d0000,0x000000001aad0000)]
  0x000000001994ef90 JavaThread "Attach Listener" daemon [_thread_blocked, id=11568, stack(0x000000001ac20000,0x000000001ad20000)]
  0x000000001994f8a0 JavaThread "Service Thread" daemon [_thread_blocked, id=11488, stack(0x000000001ade0000,0x000000001aee0000)]
  0x0000000019a19850 JavaThread "Monitor Deflation Thread" daemon [_thread_blocked, id=12908, stack(0x000000001ab10000,0x000000001ac10000)]
  0x0000000019a1a490 JavaThread "C2 CompilerThread0" daemon [_thread_blocked, id=13608, stack(0x000000001afc0000,0x000000001b0c0000)]
  0x0000000019a312c0 JavaThread "C1 CompilerThread0" daemon [_thread_blocked, id=13660, stack(0x000000001b1b0000,0x000000001b2b0000)]
  0x0000000019a98b10 JavaThread "Sweeper thread" daemon [_thread_blocked, id=11640, stack(0x000000001b3f0000,0x000000001b4f0000)]
  0x000000001b52f3d0 JavaThread "Notification Thread" daemon [_thread_blocked, id=13368, stack(0x000000001b9b0000,0x000000001bab0000)]
  0x000000001b53bd80 JavaThread "Common-Cleaner" daemon [_thread_blocked, id=10860, stack(0x000000001bbf0000,0x000000001bcf0000)]
  0x000000001b7fb850 JavaThread "Java2D Disposer" daemon [_thread_blocked, id=13420, stack(0x000000001bcf0000,0x000000001bdf0000)]
  0x000000001b7fbd70 JavaThread "AWT-Shutdown" [_thread_blocked, id=13528, stack(0x000000001be70000,0x000000001bf70000)]
  0x000000001b83d910 JavaThread "AWT-Windows" daemon [_thread_in_native, id=13436, stack(0x000000001c070000,0x000000001c170000)]
  0x000000001d0da350 JavaThread "AWT-EventQueue-0" [_thread_in_vm, id=10208, stack(0x000000001e8a0000,0x000000001e9a0000)]

Other Threads:
  0x0000000019909ee0 VMThread "VM Thread" [stack: 0x000000001a590000,0x000000001a690000] [id=11308]
  0x000000001b5318f0 WatcherThread [stack: 0x000000001baf0000,0x000000001bbf0000] [id=13256]
  0x000000000044cae0 GCTaskThread "GC Thread#0" [stack: 0x00000000170c0000,0x00000000171c0000] [id=12868]
  0x00000000004569f0 ConcurrentGCThread "G1 Main Marker" [stack: 0x0000000017290000,0x0000000017390000] [id=12724]
  0x000000000045a070 ConcurrentGCThread "G1 Conc#0" [stack: 0x0000000016f90000,0x0000000017090000] [id=14264]
  0x00000000004983e0 ConcurrentGCThread "G1 Refine#0" [stack: 0x0000000019750000,0x0000000019850000] [id=11856]
  0x000000000049d830 ConcurrentGCThread "G1 Service" [stack: 0x0000000019640000,0x0000000019740000] [id=13580]

Threads with active compile tasks:

VM state: not at safepoint (normal execution)

VM Mutex/Monitor currently owned by a thread:  ([mutex/lock_event])
[0x00000000004141c0] MetaspaceExpand_lock - owner thread: 0x00000000004190e0

Heap address: 0x00000000c8a00000, size: 886 MB, Compressed Oops mode: 32-bit

CDS disabled.
Compressed class space mapped at: 0x0000000080000000-0x00000000c0000000, reserved size: 1073741824
Narrow klass base: 0x0000000000000000, Narrow klass shift: 0, Narrow klass range: 0xc0000000

GC Precious Log:
 CPUs: 2 total, 2 available
 Memory: 3539M
 Large Page Support: Disabled
 NUMA Support: Disabled
 Compressed Oops: Enabled (32-bit)
 Heap Region Size: 1M
 Heap Min Capacity: 8M
 Heap Initial Capacity: 56M
 Heap Max Capacity: 886M
 Pre-touch: Disabled
 Parallel Workers: 2
 Concurrent Workers: 1
 Concurrent Refinement Workers: 2
 Periodic GC: Disabled

Heap:
 garbage-first heap   total 57344K, used 3072K [0x00000000c8a00000, 0x0000000100000000)
  region size 1024K, 4 young (4096K), 0 survivors (0K)
 Metaspace       used 10189K, committed 10304K, reserved 1064960K
  class space    used 974K, committed 1024K, reserved 1048576K

Heap Regions: E=young(eden), S=young(survivor), O=old, HS=humongous(starts), HC=humongous(continues), CS=collection set, F=free, OA=open archive, CA=closed archive, TAMS=top-at-mark-start (previous, next)
|   0|0x00000000c8a00000, 0x00000000c8a00000, 0x00000000c8b00000|  0%| F|  |TAMS 0x00000000c8a00000, 0x00000000c8a00000| Untracked 
|   1|0x00000000c8b00000, 0x00000000c8b00000, 0x00000000c8c00000|  0%| F|  |TAMS 0x00000000c8b00000, 0x00000000c8b00000| Untracked 
|   2|0x00000000c8c00000, 0x00000000c8c00000, 0x00000000c8d00000|  0%| F|  |TAMS 0x00000000c8c00000, 0x00000000c8c00000| Untracked 
|   3|0x00000000c8d00000, 0x00000000c8d00000, 0x00000000c8e00000|  0%| F|  |TAMS 0x00000000c8d00000, 0x00000000c8d00000| Untracked 
|   4|0x00000000c8e00000, 0x00000000c8e00000, 0x00000000c8f00000|  0%| F|  |TAMS 0x00000000c8e00000, 0x00000000c8e00000| Untracked 
|   5|0x00000000c8f00000, 0x00000000c8f00000, 0x00000000c9000000|  0%| F|  |TAMS 0x00000000c8f00000, 0x00000000c8f00000| Untracked 
|   6|0x00000000c9000000, 0x00000000c9000000, 0x00000000c9100000|  0%| F|  |TAMS 0x00000000c9000000, 0x00000000c9000000| Untracked 
|   7|0x00000000c9100000, 0x00000000c9100000, 0x00000000c9200000|  0%| F|  |TAMS 0x00000000c9100000, 0x00000000c9100000| Untracked 
|   8|0x00000000c9200000, 0x00000000c9200000, 0x00000000c9300000|  0%| F|  |TAMS 0x00000000c9200000, 0x00000000c9200000| Untracked 
|   9|0x00000000c9300000, 0x00000000c9300000, 0x00000000c9400000|  0%| F|  |TAMS 0x00000000c9300000, 0x00000000c9300000| Untracked 
|  10|0x00000000c9400000, 0x00000000c9400000, 0x00000000c9500000|  0%| F|  |TAMS 0x00000000c9400000, 0x00000000c9400000| Untracked 
|  11|0x00000000c9500000, 0x00000000c9500000, 0x00000000c9600000|  0%| F|  |TAMS 0x00000000c9500000, 0x00000000c9500000| Untracked 
|  12|0x00000000c9600000, 0x00000000c9600000, 0x00000000c9700000|  0%| F|  |TAMS 0x00000000c9600000, 0x00000000c9600000| Untracked 
|  13|0x00000000c9700000, 0x00000000c9700000, 0x00000000c9800000|  0%| F|  |TAMS 0x00000000c9700000, 0x00000000c9700000| Untracked 
|  14|0x00000000c9800000, 0x00000000c9800000, 0x00000000c9900000|  0%| F|  |TAMS 0x00000000c9800000, 0x00000000c9800000| Untracked 
|  15|0x00000000c9900000, 0x00000000c9900000, 0x00000000c9a00000|  0%| F|  |TAMS 0x00000000c9900000, 0x00000000c9900000| Untracked 
|  16|0x00000000c9a00000, 0x00000000c9a00000, 0x00000000c9b00000|  0%| F|  |TAMS 0x00000000c9a00000, 0x00000000c9a00000| Untracked 
|  17|0x00000000c9b00000, 0x00000000c9b00000, 0x00000000c9c00000|  0%| F|  |TAMS 0x00000000c9b00000, 0x00000000c9b00000| Untracked 
|  18|0x00000000c9c00000, 0x00000000c9c00000, 0x00000000c9d00000|  0%| F|  |TAMS 0x00000000c9c00000, 0x00000000c9c00000| Untracked 
|  19|0x00000000c9d00000, 0x00000000c9d00000, 0x00000000c9e00000|  0%| F|  |TAMS 0x00000000c9d00000, 0x00000000c9d00000| Untracked 
|  20|0x00000000c9e00000, 0x00000000c9e00000, 0x00000000c9f00000|  0%| F|  |TAMS 0x00000000c9e00000, 0x00000000c9e00000| Untracked 
|  21|0x00000000c9f00000, 0x00000000c9f00000, 0x00000000ca000000|  0%| F|  |TAMS 0x00000000c9f00000, 0x00000000c9f00000| Untracked 
|  22|0x00000000ca000000, 0x00000000ca000000, 0x00000000ca100000|  0%| F|  |TAMS 0x00000000ca000000, 0x00000000ca000000| Untracked 
|  23|0x00000000ca100000, 0x00000000ca100000, 0x00000000ca200000|  0%| F|  |TAMS 0x00000000ca100000, 0x00000000ca100000| Untracked 
|  24|0x00000000ca200000, 0x00000000ca200000, 0x00000000ca300000|  0%| F|  |TAMS 0x00000000ca200000, 0x00000000ca200000| Untracked 
|  25|0x00000000ca300000, 0x00000000ca300000, 0x00000000ca400000|  0%| F|  |TAMS 0x00000000ca300000, 0x00000000ca300000| Untracked 
|  26|0x00000000ca400000, 0x00000000ca400000, 0x00000000ca500000|  0%| F|  |TAMS 0x00000000ca400000, 0x00000000ca400000| Untracked 
|  27|0x00000000ca500000, 0x00000000ca500000, 0x00000000ca600000|  0%| F|  |TAMS 0x00000000ca500000, 0x00000000ca500000| Untracked 
|  28|0x00000000ca600000, 0x00000000ca600000, 0x00000000ca700000|  0%| F|  |TAMS 0x00000000ca600000, 0x00000000ca600000| Untracked 
|  29|0x00000000ca700000, 0x00000000ca700000, 0x00000000ca800000|  0%| F|  |TAMS 0x00000000ca700000, 0x00000000ca700000| Untracked 
|  30|0x00000000ca800000, 0x00000000ca800000, 0x00000000ca900000|  0%| F|  |TAMS 0x00000000ca800000, 0x00000000ca800000| Untracked 
|  31|0x00000000ca900000, 0x00000000ca900000, 0x00000000caa00000|  0%| F|  |TAMS 0x00000000ca900000, 0x00000000ca900000| Untracked 
|  32|0x00000000caa00000, 0x00000000caa00000, 0x00000000cab00000|  0%| F|  |TAMS 0x00000000caa00000, 0x00000000caa00000| Untracked 
|  33|0x00000000cab00000, 0x00000000cab00000, 0x00000000cac00000|  0%| F|  |TAMS 0x00000000cab00000, 0x00000000cab00000| Untracked 
|  34|0x00000000cac00000, 0x00000000cac00000, 0x00000000cad00000|  0%| F|  |TAMS 0x00000000cac00000, 0x00000000cac00000| Untracked 
|  35|0x00000000cad00000, 0x00000000cad00000, 0x00000000cae00000|  0%| F|  |TAMS 0x00000000cad00000, 0x00000000cad00000| Untracked 
|  36|0x00000000cae00000, 0x00000000cae00000, 0x00000000caf00000|  0%| F|  |TAMS 0x00000000cae00000, 0x00000000cae00000| Untracked 
|  37|0x00000000caf00000, 0x00000000caf00000, 0x00000000cb000000|  0%| F|  |TAMS 0x00000000caf00000, 0x00000000caf00000| Untracked 
|  38|0x00000000cb000000, 0x00000000cb000000, 0x00000000cb100000|  0%| F|  |TAMS 0x00000000cb000000, 0x00000000cb000000| Untracked 
|  39|0x00000000cb100000, 0x00000000cb100000, 0x00000000cb200000|  0%| F|  |TAMS 0x00000000cb100000, 0x00000000cb100000| Untracked 
|  40|0x00000000cb200000, 0x00000000cb200000, 0x00000000cb300000|  0%| F|  |TAMS 0x00000000cb200000, 0x00000000cb200000| Untracked 
|  41|0x00000000cb300000, 0x00000000cb300000, 0x00000000cb400000|  0%| F|  |TAMS 0x00000000cb300000, 0x00000000cb300000| Untracked 
|  42|0x00000000cb400000, 0x00000000cb400000, 0x00000000cb500000|  0%| F|  |TAMS 0x00000000cb400000, 0x00000000cb400000| Untracked 
|  43|0x00000000cb500000, 0x00000000cb500000, 0x00000000cb600000|  0%| F|  |TAMS 0x00000000cb500000, 0x00000000cb500000| Untracked 
|  44|0x00000000cb600000, 0x00000000cb600000, 0x00000000cb700000|  0%| F|  |TAMS 0x00000000cb600000, 0x00000000cb600000| Untracked 
|  45|0x00000000cb700000, 0x00000000cb700000, 0x00000000cb800000|  0%| F|  |TAMS 0x00000000cb700000, 0x00000000cb700000| Untracked 
|  46|0x00000000cb800000, 0x00000000cb800000, 0x00000000cb900000|  0%| F|  |TAMS 0x00000000cb800000, 0x00000000cb800000| Untracked 
|  47|0x00000000cb900000, 0x00000000cb900000, 0x00000000cba00000|  0%| F|  |TAMS 0x00000000cb900000, 0x00000000cb900000| Untracked 
|  48|0x00000000cba00000, 0x00000000cba00000, 0x00000000cbb00000|  0%| F|  |TAMS 0x00000000cba00000, 0x00000000cba00000| Untracked 
|  49|0x00000000cbb00000, 0x00000000cbb00000, 0x00000000cbc00000|  0%| F|  |TAMS 0x00000000cbb00000, 0x00000000cbb00000| Untracked 
|  50|0x00000000cbc00000, 0x00000000cbc00000, 0x00000000cbd00000|  0%| F|  |TAMS 0x00000000cbc00000, 0x00000000cbc00000| Untracked 
|  51|0x00000000cbd00000, 0x00000000cbd00000, 0x00000000cbe00000|  0%| F|  |TAMS 0x00000000cbd00000, 0x00000000cbd00000| Untracked 
|  52|0x00000000cbe00000, 0x00000000cbe9a840, 0x00000000cbf00000| 60%| E|  |TAMS 0x00000000cbe00000, 0x00000000cbe00000| Complete 
|  53|0x00000000cbf00000, 0x00000000cc000000, 0x00000000cc000000|100%| E|CS|TAMS 0x00000000cbf00000, 0x00000000cbf00000| Complete 
|  54|0x00000000cc000000, 0x00000000cc100000, 0x00000000cc100000|100%| E|CS|TAMS 0x00000000cc000000, 0x00000000cc000000| Complete 
|  55|0x00000000cc100000, 0x00000000cc200000, 0x00000000cc200000|100%| E|CS|TAMS 0x00000000cc100000, 0x00000000cc100000| Complete 

Card table byte_map: [0x0000000015020000,0x00000000151e0000] _byte_map_base: 0x00000000149db000

Marking Bits (Prev, Next): (CMBitMap*) 0x000000000044f0e0, (CMBitMap*) 0x000000000044f120
 Prev Bits: [0x00000000153a0000, 0x0000000016178000)
 Next Bits: [0x0000000016180000, 0x0000000016f58000)

Polling page: 0x0000000000140000

Metaspace:

Usage:
  Non-class:      9.00 MB used.
      Class:    974.14 KB used.
       Both:      9.95 MB used.

Virtual space:
  Non-class space:       16.00 MB reserved,       9.06 MB ( 57%) committed,  2 nodes.
      Class space:        1.00 GB reserved,       1.00 MB ( <1%) committed,  1 nodes.
              Both:        1.02 GB reserved,      10.06 MB ( <1%) committed. 

Chunk freelists:
   Non-Class:  2.47 MB
       Class:  3.02 MB
        Both:  5.49 MB

MaxMetaspaceSize: 17179869184.00 GB
CompressedClassSpaceSize: 1.00 GB
 - commit_granule_bytes: 65536.
 - commit_granule_words: 8192.
 - virtual_space_node_default_size: 1048576.
 - enlarge_chunks_in_place: 1.
 - new_chunks_are_fully_committed: 0.
 - uncommit_free_chunks: 1.
 - use_allocation_guard: 0.
 - handle_deallocations: 1.


Internal statistics:

num_allocs_failed_limit: 0.
num_arena_births: 90.
num_arena_deaths: 0.
num_vsnodes_births: 3.
num_vsnodes_deaths: 0.
num_space_committed: 161.
num_space_uncommitted: 0.
num_chunks_returned_to_freelist: 0.
num_chunks_taken_from_freelist: 125.
num_chunk_merges: 0.
num_chunk_splits: 68.
num_chunks_enlarged: 36.
num_purges: 0.

CodeHeap 'non-profiled nmethods': size=120064Kb used=127Kb max_used=127Kb free=119936Kb
 bounds [0x000000000d520000, 0x000000000d790000, 0x0000000014a60000]
CodeHeap 'profiled nmethods': size=120000Kb used=680Kb max_used=680Kb free=119319Kb
 bounds [0x0000000005ff0000, 0x0000000006260000, 0x000000000d520000]
CodeHeap 'non-nmethods': size=5696Kb used=1170Kb max_used=1183Kb free=4525Kb
 bounds [0x0000000005a60000, 0x0000000005cd0000, 0x0000000005ff0000]
 total_blobs=922 nmethods=461 adapters=375
 compilation: enabled
              stopped_count=0, restarted_count=0
 full_count=0

Compilation events (20 events):
Event: 1.009 Thread 0x0000000019a312c0  450       3       java.lang.StringConcatHelper::checkOverflow (17 bytes)
Event: 1.009 Thread 0x0000000019a312c0 nmethod 450 0x0000000006096d90 code [0x0000000006096f40, 0x0000000006097128]
Event: 1.009 Thread 0x0000000019a312c0  451       1       java.lang.reflect.Field::getName (5 bytes)
Event: 1.009 Thread 0x0000000019a312c0 nmethod 451 0x000000000d53eb10 code [0x000000000d53eca0, 0x000000000d53ed78]
Event: 1.009 Thread 0x0000000019a312c0  452       3       sun.util.logging.PlatformLogger::isLoggable (23 bytes)
Event: 1.010 Thread 0x0000000019a312c0 nmethod 452 0x0000000006097210 code [0x00000000060973e0, 0x0000000006097698]
Event: 1.010 Thread 0x0000000019a312c0  453       3       jdk.internal.logger.AbstractLoggerWrapper::isLoggable (26 bytes)
Event: 1.010 Thread 0x0000000019a312c0 nmethod 453 0x0000000006097790 code [0x0000000006097980, 0x0000000006097ed8]
Event: 1.010 Thread 0x0000000019a312c0  454       3       jdk.internal.logger.LazyLoggers$LazyLoggerWrapper::platformProxy (10 bytes)
Event: 1.011 Thread 0x0000000019a312c0 nmethod 454 0x0000000006098090 code [0x0000000006098240, 0x00000000060983c8]
Event: 1.011 Thread 0x0000000019a312c0  455   !   3       sun.awt.AppContext::get (123 bytes)
Event: 1.012 Thread 0x0000000019a312c0 nmethod 455 0x0000000006098490 code [0x00000000060986c0, 0x00000000060990e8]
Event: 1.012 Thread 0x0000000019a312c0  456       1       java.beans.PropertyChangeEvent::getPropertyName (5 bytes)
Event: 1.012 Thread 0x0000000019a312c0 nmethod 456 0x000000000d53ee10 code [0x000000000d53efa0, 0x000000000d53f078]
Event: 1.013 Thread 0x0000000019a1a490  457       4       java.util.concurrent.ConcurrentHashMap::casTabAt (21 bytes)
Event: 1.013 Thread 0x0000000019a312c0  460       3       java.lang.invoke.MemberName$Factory::resolveOrFail (79 bytes)
Event: 1.014 Thread 0x0000000019a312c0 nmethod 460 0x0000000006099490 code [0x00000000060996c0, 0x0000000006099df8]
Event: 1.014 Thread 0x0000000019a1a490 nmethod 457 0x000000000d53f410 code [0x000000000d53f580, 0x000000000d53f6b8]
Event: 1.014 Thread 0x0000000019a1a490  459       4       java.util.concurrent.ConcurrentHashMap::tabAt (22 bytes)
Event: 1.015 Thread 0x0000000019a1a490 nmethod 459 0x000000000d53f710 code [0x000000000d53f880, 0x000000000d53f8d8]

GC Heap History (0 events):
No events

Deoptimization events (0 events):
No events

Classes unloaded (0 events):
No events

Classes redefined (0 events):
No events

Internal exceptions (11 events):
Event: 0.549 Thread 0x00000000004190e0 Exception <a 'java/lang/NoSuchMethodError'{0x00000000cc1dd190}: 'void java.lang.invoke.DirectMethodHandle$Holder.invokeSpecial(java.lang.Object, java.lang.Object, java.lang.Object)'> (0x00000000cc1dd190) 
thrown [t:\workspace\open\src\hotspot\share\interpreter\linkResolver.cpp, line 790]
Event: 0.607 Thread 0x00000000004190e0 Exception <a 'java/lang/ClassNotFoundException'{0x00000000cc1fd908}: sun/awt/resources/spi/awtProvider> (0x00000000cc1fd908) 
thrown [t:\workspace\open\src\hotspot\share\classfile\systemDictionary.cpp, line 256]
Event: 0.669 Thread 0x00000000004190e0 Exception <a 'java/io/FileNotFoundException'{0x00000000cc059738}> (0x00000000cc059738) 
thrown [t:\workspace\open\src\hotspot\share\prims\jni.cpp, line 579]
Event: 0.689 Thread 0x00000000004190e0 Exception <a 'java/io/FileNotFoundException'{0x00000000cc088b00}> (0x00000000cc088b00) 
thrown [t:\workspace\open\src\hotspot\share\prims\jni.cpp, line 579]
Event: 0.690 Thread 0x00000000004190e0 Exception <a 'java/lang/NoSuchMethodError'{0x00000000cc089e68}: 'java.lang.Object java.lang.invoke.DirectMethodHandle$Holder.invokeStatic(java.lang.Object)'> (0x00000000cc089e68) 
thrown [t:\workspace\open\src\hotspot\share\interpreter\linkResolver.cpp, line 790]
Event: 0.782 Thread 0x00000000004190e0 Exception <a 'java/lang/NoSuchMethodError'{0x00000000cc0e6930}: 'java.lang.Object java.lang.invoke.DirectMethodHandle$Holder.invokeStaticInit(java.lang.Object)'> (0x00000000cc0e6930) 
thrown [t:\workspace\open\src\hotspot\share\interpreter\linkResolver.cpp, line 790]
Event: 0.920 Thread 0x00000000004190e0 Exception <a 'java/lang/NoSuchMethodError'{0x00000000cbf62790}: 'java.lang.Object java.lang.invoke.DirectMethodHandle$Holder.newInvokeSpecial(java.lang.Object, java.lang.Object, java.lang.Object, java.lang.Object, java.lang.Object)'> (0x00000000cbf62790) 
thrown [t:\workspace\open\src\hotspot\share\interpreter\linkResolver.cpp, line 790]
Event: 0.924 Thread 0x00000000004190e0 Exception <a 'java/lang/NoSuchMethodError'{0x00000000cbf6e278}: 'java.lang.Object java.lang.invoke.DirectMethodHandle$Holder.invokeStatic(java.lang.Object, int, java.lang.Object, java.lang.Object, java.lang.Object, java.lang.Object)'> (0x00000000cbf6e278) 
thrown [t:\workspace\open\src\hotspot\share\interpreter\linkResolver.cpp, line 790]
Event: 0.933 Thread 0x00000000004190e0 Exception <a 'java/lang/NoSuchMethodError'{0x00000000cbf94590}: 'java.lang.Object java.lang.invoke.DirectMethodHandle$Holder.invokeStatic(java.lang.Object, int, java.lang.Object)'> (0x00000000cbf94590) 
thrown [t:\workspace\open\src\hotspot\share\interpreter\linkResolver.cpp, line 790]
Event: 0.992 Thread 0x00000000004190e0 Exception <a 'java/lang/ClassNotFoundException'{0x00000000cbe4d748}: com/sun/swing/internal/plaf/metal/resources/spi/metalProvider> (0x00000000cbe4d748) 
thrown [t:\workspace\open\src\hotspot\share\classfile\systemDictionary.cpp, line 256]
Event: 0.994 Thread 0x00000000004190e0 Exception <a 'java/lang/ClassNotFoundException'{0x00000000cbe517e0}: com/sun/swing/internal/plaf/basic/resources/spi/basicProvider> (0x00000000cbe517e0) 
thrown [t:\workspace\open\src\hotspot\share\classfile\systemDictionary.cpp, line 256]

Events (20 events):
Event: 1.017 loading class java/awt/EventFilter done
Event: 1.017 loading class java/awt/EventDispatchThread$HierarchyEventFilter done
Event: 1.017 loading class java/awt/ModalEventFilter
Event: 1.018 loading class java/awt/ModalEventFilter done
Event: 1.018 loading class java/awt/EventFilter$FilterAction
Event: 1.018 loading class java/awt/EventFilter$FilterAction done
Event: 1.018 loading class sun/awt/dnd/SunDragSourceContextPeer
Event: 1.018 loading class java/awt/dnd/peer/DragSourceContextPeer
Event: 1.018 loading class java/awt/dnd/peer/DragSourceContextPeer done
Event: 1.018 loading class javax/swing/text/JTextComponent$1
Event: 1.018 loading class sun/awt/dnd/SunDragSourceContextPeer done
Event: 1.018 loading class sun/swing/SwingAccessor$JTextComponentAccessor
Event: 1.018 loading class sun/swing/SwingAccessor$JTextComponentAccessor done
Event: 1.018 loading class javax/swing/text/JTextComponent$1 done
Event: 1.018 loading class java/awt/EventQueue$4
Event: 1.018 loading class javax/swing/text/JTextComponent$4
Event: 1.018 loading class java/awt/EventQueue$4 done
Event: 1.018 loading class com/sun/beans/util/Cache
Event: 1.018 loading class java/awt/EventQueue$5
Event: 1.018 loading class java/awt/EventQueue$5 done


Dynamic libraries:
0x000000013f290000 - 0x000000013f29e000 	C:\Users\PC\.p2\pool\plugins\org.eclipse.justj.openjdk.hotspot.jre.full.win32.x86_64_16.0.2.v20210721-1149\jre\bin\javaw.exe
0x0000000077290000 - 0x000000007742f000 	C:\Windows\SYSTEM32\ntdll.dll
0x000007feea8d0000 - 0x000007feea8e5000 	C:\Program Files\AVG\Antivirus\aswhook.dll
0x0000000077070000 - 0x000000007718f000 	C:\Windows\system32\kernel32.dll
0x000007fefd080000 - 0x000007fefd0e7000 	C:\Windows\system32\KERNELBASE.dll
0x000007feebbc0000 - 0x000007feebbd8000 	C:\Users\PC\.p2\pool\plugins\org.eclipse.justj.openjdk.hotspot.jre.full.win32.x86_64_16.0.2.v20210721-1149\jre\bin\jli.dll
0x000007fefb960000 - 0x000007fefbb55000 	C:\Windows\WinSxS\amd64_microsoft.windows.common-controls_6595b64144ccf1df_6.0.7601.24483_none_e372d88f30fbb845\COMCTL32.dll
0x000007feff4e0000 - 0x000007feff57f000 	C:\Windows\system32\msvcrt.dll
0x000007fefd770000 - 0x000007fefd7d7000 	C:\Windows\system32\GDI32.dll
0x0000000077190000 - 0x000000007728a000 	C:\Windows\system32\USER32.dll
0x000007feff450000 - 0x000007feff45e000 	C:\Windows\system32\LPK.dll
0x000007fefd4c0000 - 0x000007fefd58b000 	C:\Windows\system32\USP10.dll
0x000007feff330000 - 0x000007feff3a1000 	C:\Windows\system32\SHLWAPI.dll
0x000007feea860000 - 0x000007feea879000 	C:\Users\PC\.p2\pool\plugins\org.eclipse.justj.openjdk.hotspot.jre.full.win32.x86_64_16.0.2.v20210721-1149\jre\bin\VCRUNTIME140.dll
0x000007fef2700000 - 0x000007fef2704000 	C:\Users\PC\.p2\pool\plugins\org.eclipse.justj.openjdk.hotspot.jre.full.win32.x86_64_16.0.2.v20210721-1149\jre\bin\api-ms-win-crt-runtime-l1-1-0.dll
0x000007fedb570000 - 0x000007fedb66a000 	C:\Users\PC\.p2\pool\plugins\org.eclipse.justj.openjdk.hotspot.jre.full.win32.x86_64_16.0.2.v20210721-1149\jre\bin\ucrtbase.DLL
0x000007feeee10000 - 0x000007feeee13000 	C:\Users\PC\.p2\pool\plugins\org.eclipse.justj.openjdk.hotspot.jre.full.win32.x86_64_16.0.2.v20210721-1149\jre\bin\api-ms-win-core-localization-l1-2-0.dll
0x000007feecca0000 - 0x000007feecca3000 	C:\Users\PC\.p2\pool\plugins\org.eclipse.justj.openjdk.hotspot.jre.full.win32.x86_64_16.0.2.v20210721-1149\jre\bin\api-ms-win-core-processthreads-l1-1-1.dll
0x000007feec3c0000 - 0x000007feec3c3000 	C:\Users\PC\.p2\pool\plugins\org.eclipse.justj.openjdk.hotspot.jre.full.win32.x86_64_16.0.2.v20210721-1149\jre\bin\api-ms-win-core-file-l1-2-0.dll
0x000007feebbb0000 - 0x000007feebbb3000 	C:\Users\PC\.p2\pool\plugins\org.eclipse.justj.openjdk.hotspot.jre.full.win32.x86_64_16.0.2.v20210721-1149\jre\bin\api-ms-win-core-timezone-l1-1-0.dll
0x000007feeb730000 - 0x000007feeb733000 	C:\Users\PC\.p2\pool\plugins\org.eclipse.justj.openjdk.hotspot.jre.full.win32.x86_64_16.0.2.v20210721-1149\jre\bin\api-ms-win-core-file-l2-1-0.dll
0x000007feeabd0000 - 0x000007feeabd3000 	C:\Users\PC\.p2\pool\plugins\org.eclipse.justj.openjdk.hotspot.jre.full.win32.x86_64_16.0.2.v20210721-1149\jre\bin\api-ms-win-core-synch-l1-2-0.dll
0x000007fee9ee0000 - 0x000007fee9ee3000 	C:\Users\PC\.p2\pool\plugins\org.eclipse.justj.openjdk.hotspot.jre.full.win32.x86_64_16.0.2.v20210721-1149\jre\bin\api-ms-win-crt-heap-l1-1-0.dll
0x000007fee8910000 - 0x000007fee8914000 	C:\Users\PC\.p2\pool\plugins\org.eclipse.justj.openjdk.hotspot.jre.full.win32.x86_64_16.0.2.v20210721-1149\jre\bin\api-ms-win-crt-string-l1-1-0.dll
0x000007fee8900000 - 0x000007fee8904000 	C:\Users\PC\.p2\pool\plugins\org.eclipse.justj.openjdk.hotspot.jre.full.win32.x86_64_16.0.2.v20210721-1149\jre\bin\api-ms-win-crt-stdio-l1-1-0.dll
0x000007fee88f0000 - 0x000007fee88f4000 	C:\Users\PC\.p2\pool\plugins\org.eclipse.justj.openjdk.hotspot.jre.full.win32.x86_64_16.0.2.v20210721-1149\jre\bin\api-ms-win-crt-convert-l1-1-0.dll
0x000007fee88e0000 - 0x000007fee88e3000 	C:\Users\PC\.p2\pool\plugins\org.eclipse.justj.openjdk.hotspot.jre.full.win32.x86_64_16.0.2.v20210721-1149\jre\bin\api-ms-win-crt-environment-l1-1-0.dll
0x000007fee88d0000 - 0x000007fee88d3000 	C:\Users\PC\.p2\pool\plugins\org.eclipse.justj.openjdk.hotspot.jre.full.win32.x86_64_16.0.2.v20210721-1149\jre\bin\api-ms-win-crt-filesystem-l1-1-0.dll
0x000007fee88b0000 - 0x000007fee88b5000 	C:\Users\PC\.p2\pool\plugins\org.eclipse.justj.openjdk.hotspot.jre.full.win32.x86_64_16.0.2.v20210721-1149\jre\bin\api-ms-win-crt-math-l1-1-0.dll
0x000007fee88a0000 - 0x000007fee88a3000 	C:\Users\PC\.p2\pool\plugins\org.eclipse.justj.openjdk.hotspot.jre.full.win32.x86_64_16.0.2.v20210721-1149\jre\bin\api-ms-win-crt-locale-l1-1-0.dll
0x000007fefd2b0000 - 0x000007fefd2de000 	C:\Windows\system32\IMM32.DLL
0x000007fefd1a0000 - 0x000007fefd2ab000 	C:\Windows\system32\MSCTF.dll
0x000007fee8890000 - 0x000007fee889c000 	C:\Users\PC\.p2\pool\plugins\org.eclipse.justj.openjdk.hotspot.jre.full.win32.x86_64_16.0.2.v20210721-1149\jre\bin\vcruntime140_1.dll
0x000007fedbdc0000 - 0x000007fedbe51000 	C:\Users\PC\.p2\pool\plugins\org.eclipse.justj.openjdk.hotspot.jre.full.win32.x86_64_16.0.2.v20210721-1149\jre\bin\msvcp140.dll
0x000007fee7f20000 - 0x000007fee7f23000 	C:\Users\PC\.p2\pool\plugins\org.eclipse.justj.openjdk.hotspot.jre.full.win32.x86_64_16.0.2.v20210721-1149\jre\bin\api-ms-win-crt-time-l1-1-0.dll
0x000007fee7f10000 - 0x000007fee7f13000 	C:\Users\PC\.p2\pool\plugins\org.eclipse.justj.openjdk.hotspot.jre.full.win32.x86_64_16.0.2.v20210721-1149\jre\bin\api-ms-win-crt-utility-l1-1-0.dll
0x000007fed29b0000 - 0x000007fed355b000 	C:\Users\PC\.p2\pool\plugins\org.eclipse.justj.openjdk.hotspot.jre.full.win32.x86_64_16.0.2.v20210721-1149\jre\bin\server\jvm.dll
0x000007fefda40000 - 0x000007fefdb1b000 	C:\Windows\system32\ADVAPI32.dll
0x000007fefe210000 - 0x000007fefe22f000 	C:\Windows\SYSTEM32\sechost.dll
0x000007fefdb40000 - 0x000007fefdc6c000 	C:\Windows\system32\RPCRT4.dll
0x000007fef95f0000 - 0x000007fef95f9000 	C:\Windows\system32\WSOCK32.dll
0x000007fefd470000 - 0x000007fefd4bd000 	C:\Windows\system32\WS2_32.dll
0x000007fefdd50000 - 0x000007fefdd58000 	C:\Windows\system32\NSI.dll
0x000007fef71d0000 - 0x000007fef720b000 	C:\Windows\system32\WINMM.dll
0x000007fefbe50000 - 0x000007fefbe5c000 	C:\Windows\system32\VERSION.dll
0x0000000077430000 - 0x0000000077437000 	C:\Windows\system32\PSAPI.DLL
0x000007fef0260000 - 0x000007fef026a000 	C:\Users\PC\.p2\pool\plugins\org.eclipse.justj.openjdk.hotspot.jre.full.win32.x86_64_16.0.2.v20210721-1149\jre\bin\jimage.dll
0x000007fefa600000 - 0x000007fefa725000 	C:\Windows\system32\DBGHELP.DLL
0x000007feec3d0000 - 0x000007feec3f5000 	C:\Users\PC\.p2\pool\plugins\org.eclipse.justj.openjdk.hotspot.jre.full.win32.x86_64_16.0.2.v20210721-1149\jre\bin\java.dll
0x000007feeff50000 - 0x000007feeff68000 	C:\Users\PC\.p2\pool\plugins\org.eclipse.justj.openjdk.hotspot.jre.full.win32.x86_64_16.0.2.v20210721-1149\jre\bin\zip.dll
0x000007fefe5a0000 - 0x000007feff32b000 	C:\Windows\system32\SHELL32.dll
0x000007fefd840000 - 0x000007fefda3f000 	C:\Windows\system32\ole32.dll
0x000007fefcdf0000 - 0x000007fefcdff000 	C:\Windows\system32\profapi.dll
0x000007fed9c40000 - 0x000007fed9dbf000 	C:\Users\PC\.p2\pool\plugins\org.eclipse.justj.openjdk.hotspot.jre.full.win32.x86_64_16.0.2.v20210721-1149\jre\bin\awt.dll
0x000007fefdc70000 - 0x000007fefdd4b000 	C:\Windows\system32\OLEAUT32.dll
0x000007fefbf20000 - 0x000007fefbf38000 	C:\Windows\system32\DWMAPI.DLL
0x000007fed7080000 - 0x000007fed719d000 	C:\Windows\system32\opengl32.dll
0x000007fee7e90000 - 0x000007fee7ebd000 	C:\Windows\system32\GLU32.dll
0x000007fedd030000 - 0x000007fedd121000 	C:\Windows\system32\DDRAW.dll
0x000007fefaf60000 - 0x000007fefaf68000 	C:\Windows\system32\DCIMAN32.dll
0x000007fefd590000 - 0x000007fefd767000 	C:\Windows\system32\SETUPAPI.dll
0x000007fefce80000 - 0x000007fefceb6000 	C:\Windows\system32\CFGMGR32.dll
0x000007fefcec0000 - 0x000007fefceda000 	C:\Windows\system32\DEVOBJ.dll
0x000007fefb780000 - 0x000007fefb7d6000 	C:\Windows\system32\uxtheme.dll
0x000007fefcc80000 - 0x000007fefcc8f000 	C:\Windows\system32\CRYPTBASE.dll
0x000007feeacf0000 - 0x000007feeaeef000 	C:\Windows\system32\d3d9.dll
0x000007feeb680000 - 0x000007feeb687000 	C:\Windows\system32\d3d8thk.dll
0x000007fef6e70000 - 0x000007fef6fd4000 	C:\Windows\system32\aticfx64.dll
0x000007fedce90000 - 0x000007fedceb1000 	C:\Windows\system32\atiu9p64.dll
0x000007fecf9f0000 - 0x000007fed0249000 	C:\Windows\system32\atiumd64.dll
0x000000001c760000 - 0x000000001cfe8000 	C:\Windows\system32\atiumd6a.dll
0x000007fefbf40000 - 0x000007fefbf6c000 	C:\Windows\system32\POWRPROF.dll

dbghelp: loaded successfully - version: 4.0.5 - missing functions: none
symbol engine: initialized successfully - sym options: 0x614 - pdb path: .;C:\Users\PC\.p2\pool\plugins\org.eclipse.justj.openjdk.hotspot.jre.full.win32.x86_64_16.0.2.v20210721-1149\jre\bin;C:\Windows\SYSTEM32;C:\Program Files\AVG\Antivirus;C:\Windows\WinSxS\amd64_microsoft.windows.common-controls_6595b64144ccf1df_6.0.7601.24483_none_e372d88f30fbb845;C:\Users\PC\.p2\pool\plugins\org.eclipse.justj.openjdk.hotspot.jre.full.win32.x86_64_16.0.2.v20210721-1149\jre\bin\server

VM Arguments:
jvm_args: -Dfile.encoding=Cp1252 -XX:+ShowCodeDetailsInExceptionMessages 
java_command: Delivery
java_class_path (initial): C:\Users\PC\eclipse-workspace\ProyectoDelivery 2.0\bin
Launcher Type: SUN_STANDARD

[Global flags]
     intx CICompilerCount                          = 2                                         {product} {ergonomic}
     uint ConcGCThreads                            = 1                                         {product} {ergonomic}
     uint G1ConcRefinementThreads                  = 2                                         {product} {ergonomic}
   size_t G1HeapRegionSize                         = 1048576                                   {product} {ergonomic}
    uintx GCDrainStackTargetSize                   = 64                                        {product} {ergonomic}
   size_t InitialHeapSize                          = 58720256                                  {product} {ergonomic}
   size_t MarkStackSize                            = 4194304                                   {product} {ergonomic}
   size_t MaxHeapSize                              = 929038336                                 {product} {ergonomic}
   size_t MaxNewSize                               = 556793856                                 {product} {ergonomic}
   size_t MinHeapDeltaBytes                        = 1048576                                   {product} {ergonomic}
   size_t MinHeapSize                              = 8388608                                   {product} {ergonomic}
    uintx NonNMethodCodeHeapSize                   = 5826188                                {pd product} {ergonomic}
    uintx NonProfiledCodeHeapSize                  = 122916026                              {pd product} {ergonomic}
    uintx ProfiledCodeHeapSize                     = 122916026                              {pd product} {ergonomic}
    uintx ReservedCodeCacheSize                    = 251658240                              {pd product} {ergonomic}
     bool SegmentedCodeCache                       = true                                      {product} {ergonomic}
     bool ShowCodeDetailsInExceptionMessages       = true                                   {manageable} {command line}
   size_t SoftMaxHeapSize                          = 929038336                              {manageable} {ergonomic}
     bool UseCompressedClassPointers               = true                           {product lp64_product} {ergonomic}
     bool UseCompressedOops                        = true                           {product lp64_product} {ergonomic}
     bool UseG1GC                                  = true                                      {product} {ergonomic}
     bool UseLargePagesIndividualAllocation        = false                                  {pd product} {ergonomic}

Logging:
Log output configuration:
 #0: stdout all=warning uptime,level,tags
 #1: stderr all=off uptime,level,tags

Environment Variables:
PATH=C:/Users/PC/.p2/pool/plugins/org.eclipse.justj.openjdk.hotspot.jre.full.win32.x86_64_16.0.2.v20210721-1149/jre/bin/server;C:/Users/PC/.p2/pool/plugins/org.eclipse.justj.openjdk.hotspot.jre.full.win32.x86_64_16.0.2.v20210721-1149/jre/bin;C:\Program Files (x86)\Common Files\Oracle\Java\javapath;C:\ProgramData\Oracle\Java\javapath;C:\Windows\system32;C:\Windows;C:\Windows\System32\Wbem;C:\Windows\System32\WindowsPowerShell\v1.0\;;C:\Users\PC\AppData\Local\Programs\Microsoft VS Code\bin;C:\Users\PC\eclipse\java-2021-06\eclipse;
USERNAME=PC
OS=Windows_NT
PROCESSOR_IDENTIFIER=AMD64 Family 21 Model 19 Stepping 1, AuthenticAMD



---------------  S Y S T E M  ---------------

OS:
 Windows 7 , 64 bit Build 7601 (6.1.7601.24545)
OS uptime: 0 days 16:21 hours

CPU: total 2 (initial active 2) (2 cores per cpu, 1 threads per core) family 21 model 19 stepping 1 microcode 0x0, cx8, cmov, fxsr, mmx, 3dnowpref, sse, sse2, sse3, ssse3, sse4a, sse4.1, sse4.2, popcnt, lzcnt, tsc, tscinvbit, avx, aes, clmul, bmi1, fma, vzeroupper, clflush

Memory: 4k page, system-wide physical 3539M (149M free)
TotalPageFile size 14150M (AvailPageFile size 18M)
current process WorkingSet (physical memory assigned to process): 55M, peak: 55M
current process commit charge ("private bytes"): 155M, peak: 155M

vm_info: OpenJDK 64-Bit Server VM (16.0.2+7-67) for windows-amd64 JRE (16.0.2+7-67), built on Jun  8 2021 23:21:43 by "mach5one" with MS VC++ 16.7 (VS2019)

END.
